#
# There is insufficient memory for the Java Runtime Environment to continue.
# Native memory allocation (mmap) failed to map 130023424 bytes. Error detail: G1 virtual space
# Possible reasons:
#   The system is out of physical RAM or swap space
#   This process is running with CompressedOops enabled, and the Java Heap may be blocking the growth of the native heap
# Possible solutions:
#   Reduce memory load on the system
#   Increase physical memory or swap space
#   Check if swap backing store is full
#   Decrease Java heap size (-Xmx/-Xms)
#   Decrease number of Java threads
#   Decrease Java thread stack sizes (-Xss)
#   Set larger code cache with -XX:ReservedCodeCacheSize=
#   JVM is running with Unscaled Compressed Oops mode in which the Java heap is
#     placed in the first 4GB address space. The Java Heap base address is the
#     maximum limit for the native heap growth. Please use -XX:HeapBaseMinAddress
#     to set the Java Heap base and to place the Java Heap above 4GB virtual address.
# This output file may be truncated or incomplete.
#
#  Out of Memory Error (os_windows.cpp:3631), pid=3448, tid=6712
#
# JRE version:  (22.0+36) (build )
# Java VM: Java HotSpot(TM) 64-Bit Server VM (22+36-2370, mixed mode, sharing, tiered, compressed oops, compressed class ptrs, g1 gc, windows-amd64)
# No core dump will be written. Minidumps are not enabled by default on client versions of Windows
#

---------------  S U M M A R Y ------------

Command Line: -javaagent:D:\IntelliJ IDEA 2023.3.6\lib\idea_rt.jar=54538:D:\IntelliJ IDEA 2023.3.6\bin -Dfile.encoding=UTF-8 -Dsun.stdout.encoding=UTF-8 -Dsun.stderr.encoding=UTF-8 Main.App

Host: 11th Gen Intel(R) Core(TM) i3-1115G4 @ 3.00GHz, 4 cores, 7G,  Windows 10 , 64 bit Build 19041 (10.0.19041.3636)
Time: Sun May  5 18:20:52 2024 China Standard Time elapsed time: 0.050287 seconds (0d 0h 0m 0s)

---------------  T H R E A D  ---------------

Current thread (0x000002202d1e0910):  JavaThread "Unknown thread" [_thread_in_vm, id=6712, stack(0x00000062f1e00000,0x00000062f1f00000) (1024K)]

Stack: [0x00000062f1e00000,0x00000062f1f00000]
Native frames: (J=compiled Java code, j=interpreted, Vv=VM code, C=native code)
V  [jvm.dll+0x6e2349]  (no source info available)
V  [jvm.dll+0x874ed3]  (no source info available)
V  [jvm.dll+0x8772fe]  (no source info available)
V  [jvm.dll+0x8779d3]  (no source info available)
V  [jvm.dll+0x27fcb6]  (no source info available)
V  [jvm.dll+0x6de9e5]  (no source info available)
V  [jvm.dll+0x6d34ea]  (no source info available)
V  [jvm.dll+0x35892a]  (no source info available)
V  [jvm.dll+0x360e56]  (no source info available)
V  [jvm.dll+0x3b3d7e]  (no source info available)
V  [jvm.dll+0x3b4028]  (no source info available)
V  [jvm.dll+0x32c4ec]  (no source info available)
V  [jvm.dll+0x32d0a8]  (no source info available)
V  [jvm.dll+0x83cd9c]  (no source info available)
V  [jvm.dll+0x3c0cc1]  (no source info available)
V  [jvm.dll+0x825d8c]  (no source info available)
V  [jvm.dll+0x45b9ee]  (no source info available)
V  [jvm.dll+0x45d871]  (no source info available)
C  [jli.dll+0x52a3]  (no source info available)
C  [ucrtbase.dll+0x21bb2]  (no source info available)
C  [KERNEL32.DLL+0x17344]  (no source info available)
C  [ntdll.dll+0x526b1]  (no source info available)


---------------  P R O C E S S  ---------------

Threads class SMR info:
_java_thread_list=0x00007ff9d6abc1c8, length=0, elements={
}

Java Threads: ( => current thread )
Total: 0

Other Threads:
  0x000002202f2d0c70 WorkerThread "GC Thread#0"                     [id=3828, stack(0x00000062f1f00000,0x00000062f2000000) (1024K)]
  0x000002202f2e23b0 ConcurrentGCThread "G1 Main Marker"            [id=3560, stack(0x00000062f2000000,0x00000062f2100000) (1024K)]
  0x000002202f2e2dd0 WorkerThread "G1 Conc#0"                       [id=14100, stack(0x00000062f2100000,0x00000062f2200000) (1024K)]

[error occurred during error reporting (printing all threads), id 0xc0000005, EXCEPTION_ACCESS_VIOLATION (0xc0000005) at pc=0x00007ff9d620f2b7]
VM state: not at safepoint (not fully initialized)

VM Mutex/Monitor currently owned by a thread:  ([mutex/lock_event])
[0x00007ff9d6b3ccc8] Heap_lock - owner thread: 0x000002202d1e0910

Heap address: 0x0000000084c00000, size: 1972 MB, Compressed Oops mode: 32-bit

CDS archive(s) mapped at: [0x0000000000000000-0x0000000000000000-0x0000000000000000), size 0, SharedBaseAddress: 0x0000000800000000, ArchiveRelocationMode: 1.
Narrow klass base: 0x0000000000000000, Narrow klass shift: 0, Narrow klass range: 0x0

GC Precious Log:
 CardTable entry size: 512
 Card Set container configuration: InlinePtr #cards 5 size 8 Array Of Cards #cards 12 size 40 Howl #buckets 4 coarsen threshold 1843 Howl Bitmap #cards 512 size 80 coarsen threshold 460 Card regions per heap region 1 cards per card region 2048

Heap:
 garbage-first heap   total reserved 2019328K, committed 0K, used 0K [0x0000000084c00000, 0x0000000100000000)
  region size 1024K, 0 young (0K), 0 survivors (0K)

[error occurred during error reporting (printing heap information), id 0xc0000005, EXCEPTION_ACCESS_VIOLATION (0xc0000005) at pc=0x00007ff9d660e4e9]
GC Heap History (0 events):
No events

Dll operation events (1 events):
Event: 0.010 Loaded shared library C:\Program Files\Java\jdk-22\bin\java.dll

Deoptimization events (0 events):
No events

Classes loaded (0 events):
No events

Classes unloaded (0 events):
No events

Classes redefined (0 events):
No events

Internal exceptions (0 events):
No events

ZGC Phase Switch (0 events):
No events

VM Operations (0 events):
No events

Events (0 events):
No events


Dynamic libraries:
0x00007ff71f810000 - 0x00007ff71f820000 	C:\Program Files\Java\jdk-22\bin\java.exe
0x00007ffa1a6d0000 - 0x00007ffa1a8c8000 	C:\Windows\SYSTEM32\ntdll.dll
0x00007ffa1a3c0000 - 0x00007ffa1a47d000 	C:\Windows\System32\KERNEL32.DLL
0x00007ffa18110000 - 0x00007ffa18406000 	C:\Windows\System32\KERNELBASE.dll
0x00007ffa17e30000 - 0x00007ffa17f30000 	C:\Windows\System32\ucrtbase.dll
0x00007ffa0d6f0000 - 0x00007ffa0d707000 	C:\Program Files\Java\jdk-22\bin\jli.dll
0x00007ffa18cf0000 - 0x00007ffa18da0000 	C:\Windows\System32\ADVAPI32.dll
0x00007ffa19fc0000 - 0x00007ffa1a05e000 	C:\Windows\System32\msvcrt.dll
0x00007ffa188c0000 - 0x00007ffa18960000 	C:\Windows\System32\sechost.dll
0x00007ffa19ad0000 - 0x00007ffa19bf3000 	C:\Windows\System32\RPCRT4.dll
0x00007ffa18630000 - 0x00007ffa18657000 	C:\Windows\System32\bcrypt.dll
0x00007ffa0e810000 - 0x00007ffa0e82b000 	C:\Program Files\Java\jdk-22\bin\VCRUNTIME140.dll
0x00007ffa18970000 - 0x00007ffa18b0f000 	C:\Windows\System32\USER32.dll
0x00007ffa184a0000 - 0x00007ffa184c2000 	C:\Windows\System32\win32u.dll
0x00007ffa18890000 - 0x00007ffa188bb000 	C:\Windows\System32\GDI32.dll
0x00007ffa17ff0000 - 0x00007ffa18107000 	C:\Windows\System32\gdi32full.dll
0x00007ffa18660000 - 0x00007ffa186fd000 	C:\Windows\System32\msvcp_win.dll
0x00007ffa02f80000 - 0x00007ffa0321a000 	C:\Windows\WinSxS\amd64_microsoft.windows.common-controls_6595b64144ccf1df_6.0.19041.3636_none_60b6a03d71f818d5\COMCTL32.dll
0x00007ffa0b850000 - 0x00007ffa0b85a000 	C:\Windows\SYSTEM32\VERSION.dll
0x00007ffa1a650000 - 0x00007ffa1a682000 	C:\Windows\System32\IMM32.DLL
0x00007ffa0e840000 - 0x00007ffa0e84c000 	C:\Program Files\Java\jdk-22\bin\vcruntime140_1.dll
0x00007ff9f5fd0000 - 0x00007ff9f605e000 	C:\Program Files\Java\jdk-22\bin\msvcp140.dll
0x00007ff9d5ed0000 - 0x00007ff9d6c18000 	C:\Program Files\Java\jdk-22\bin\server\jvm.dll
0x00007ffa19a60000 - 0x00007ffa19acb000 	C:\Windows\System32\WS2_32.dll
0x00007ffa172c0000 - 0x00007ffa1730b000 	C:\Windows\SYSTEM32\POWRPROF.dll
0x00007ff9fab90000 - 0x00007ff9fabb7000 	C:\Windows\SYSTEM32\WINMM.dll
0x00007ffa17180000 - 0x00007ffa17192000 	C:\Windows\SYSTEM32\UMPDC.dll
0x00007ffa16560000 - 0x00007ffa16572000 	C:\Windows\SYSTEM32\kernel.appcore.dll
0x00007ffa0e7d0000 - 0x00007ffa0e7da000 	C:\Program Files\Java\jdk-22\bin\jimage.dll
0x00007ffa16290000 - 0x00007ffa16474000 	C:\Windows\SYSTEM32\DBGHELP.DLL
0x00007ffa01b30000 - 0x00007ffa01b64000 	C:\Windows\SYSTEM32\dbgcore.DLL
0x00007ffa18410000 - 0x00007ffa18492000 	C:\Windows\System32\bcryptPrimitives.dll
0x00007ffa0d4a0000 - 0x00007ffa0d4af000 	C:\Program Files\Java\jdk-22\bin\instrument.dll
0x00007ffa0d680000 - 0x00007ffa0d69e000 	C:\Program Files\Java\jdk-22\bin\java.dll
0x00007ffa18e80000 - 0x00007ffa195eb000 	C:\Windows\System32\SHELL32.dll
0x00007ffa18bc0000 - 0x00007ffa18ceb000 	C:\Windows\System32\ole32.dll
0x00007ffa19c60000 - 0x00007ffa19fb3000 	C:\Windows\System32\combase.dll

dbghelp: loaded successfully - version: 4.0.5 - missing functions: none
symbol engine: initialized successfully - sym options: 0x614 - pdb path: .;C:\Program Files\Java\jdk-22\bin;C:\Windows\SYSTEM32;C:\Windows\WinSxS\amd64_microsoft.windows.common-controls_6595b64144ccf1df_6.0.19041.3636_none_60b6a03d71f818d5;C:\Program Files\Java\jdk-22\bin\server

VM Arguments:
jvm_args: -javaagent:D:\IntelliJ IDEA 2023.3.6\lib\idea_rt.jar=54538:D:\IntelliJ IDEA 2023.3.6\bin -Dfile.encoding=UTF-8 -Dsun.stdout.encoding=UTF-8 -Dsun.stderr.encoding=UTF-8 
java_command: Main.App
java_class_path (initial): D:\1 School\CITU 3rd year\2ndSem\CS322\CODE-Interpreter\out\production\CODE-Interpreter;C:\Users\Lance Salera\.m2\repository\org\junit\jupiter\junit-jupiter\5.8.1\junit-jupiter-5.8.1.jar;C:\Users\Lance Salera\.m2\repository\org\junit\jupiter\junit-jupiter-api\5.8.1\junit-jupiter-api-5.8.1.jar;C:\Users\Lance Salera\.m2\repository\org\opentest4j\opentest4j\1.2.0\opentest4j-1.2.0.jar;C:\Users\Lance Salera\.m2\repository\org\junit\platform\junit-platform-commons\1.8.1\junit-platform-commons-1.8.1.jar;C:\Users\Lance Salera\.m2\repository\org\apiguardian\apiguardian-api\1.1.2\apiguardian-api-1.1.2.jar;C:\Users\Lance Salera\.m2\repository\org\junit\jupiter\junit-jupiter-params\5.8.1\junit-jupiter-params-5.8.1.jar;C:\Users\Lance Salera\.m2\repository\org\junit\jupiter\junit-jupiter-engine\5.8.1\junit-jupiter-engine-5.8.1.jar;C:\Users\Lance Salera\.m2\repository\org\junit\platform\junit-platform-engine\1.8.1\junit-platform-engine-1.8.1.jar
Launcher Type: SUN_STANDARD

[Global flags]
     intx CICompilerCount                          = 3                                         {product} {ergonomic}
     uint ConcGCThreads                            = 1                                         {product} {ergonomic}
     uint G1ConcRefinementThreads                  = 4                                         {product} {ergonomic}
   size_t G1HeapRegionSize                         = 1048576                                   {product} {ergonomic}
   size_t InitialHeapSize                          = 130023424                                 {product} {ergonomic}
   size_t MarkStackSize                            = 4194304                                   {product} {ergonomic}
   size_t MaxHeapSize                              = 2067791872                                {product} {ergonomic}
   size_t MinHeapDeltaBytes                        = 1048576                                   {product} {ergonomic}
   size_t MinHeapSize                              = 8388608                                   {product} {ergonomic}
    uintx NonNMethodCodeHeapSize                   = 5832780                                {pd product} {ergonomic}
    uintx NonProfiledCodeHeapSize                  = 122912730                              {pd product} {ergonomic}
    uintx ProfiledCodeHeapSize                     = 122912730                              {pd product} {ergonomic}
    uintx ReservedCodeCacheSize                    = 251658240                              {pd product} {ergonomic}
     bool SegmentedCodeCache                       = true                                      {product} {ergonomic}
   size_t SoftMaxHeapSize                          = 2067791872                             {manageable} {ergonomic}
     bool UseCompressedOops                        = true                           {product lp64_product} {ergonomic}
     bool UseG1GC                                  = true                                      {product} {ergonomic}
     bool UseLargePagesIndividualAllocation        = false                                  {pd product} {ergonomic}

Logging:
Log output configuration:
 #0: stdout all=warning uptime,level,tags foldmultilines=false
 #1: stderr all=off uptime,level,tags foldmultilines=false

Environment Variables:
PATH=C:\Program Files\Common Files\Oracle\Java\javapath;C:\Program Files (x86)\Common Files\Oracle\Java\javapath;C:\Windows\system32;C:\Windows;C:\Windows\System32\Wbem;C:\Windows\System32\WindowsPowerShell\v1.0\;C:\Windows\System32\OpenSSH\;C:\Program Files\dotnet\;C:\Program Files\Microsoft SQL Server\150\Tools\Binn\;C:\ProgramData\chocolatey\bin;C:\Program Files\Git\cmd;D:\;C:\Users\Lance Salera\.cargo\bin;C:\Users\Lance Salera\.local\share\solana\install\active_release\bin;C:\Users\Lance Salera\AppData\Local\Programs\Python\Python310\Scripts\;C:\Users\Lance Salera\AppData\Local\Programs\Python\Python310\;C:\Users\Lance Salera\AppData\Local\Microsoft\WindowsApps;D:\MinGW\bin;D:\Microsoft VS Code\bin;D:\PyCharm 2023.2.1\bin;;C:\Users\Lance Salera\AppData\Roaming\npm;C:\Users\Lance Salera\AppData\Local\GitHubDesktop\bin
USERNAME=Lance Salera
OS=Windows_NT
PROCESSOR_IDENTIFIER=Intel64 Family 6 Model 140 Stepping 1, GenuineIntel
TMP=C:\Users\LANCES~1\AppData\Local\Temp
TEMP=C:\Users\LANCES~1\AppData\Local\Temp




Periodic native trim disabled

---------------  S Y S T E M  ---------------

OS:
 Windows 10 , 64 bit Build 19041 (10.0.19041.3636)
OS uptime: 1 days 3:06 hours
Hyper-V role detected

CPU: total 4 (initial active 4) (2 cores per cpu, 2 threads per core) family 6 model 140 stepping 1 microcode 0x86, cx8, cmov, fxsr, ht, mmx, 3dnowpref, sse, sse2, sse3, ssse3, sse4.1, sse4.2, popcnt, lzcnt, tsc, tscinvbit, avx, avx2, aes, erms, clmul, bmi1, bmi2, adx, avx512f, avx512dq, avx512cd, avx512bw, avx512vl, sha, fma, vzeroupper, avx512_vpopcntdq, avx512_vpclmulqdq, avx512_vaes, avx512_vnni, clflush, clflushopt, clwb, avx512_vbmi2, avx512_vbmi, hv, rdtscp, rdpid, fsrm, gfni, avx512_bitalg, f16c, cet_ibt, cet_ss, avx512_ifma
Processor Information for all 4 processors :
  Max Mhz: 2995, Current Mhz: 2995, Mhz Limit: 2995

Memory: 4k page, system-wide physical 7886M (2344M free)
TotalPageFile size 19722M (AvailPageFile size 45M)
current process WorkingSet (physical memory assigned to process): 12M, peak: 12M
current process commit charge ("private bytes"): 52M, peak: 176M

vm_info: Java HotSpot(TM) 64-Bit Server VM (22+36-2370) for windows-amd64 JRE (22+36-2370), built on 2024-02-15T22:15:19Z by "mach5one" with MS VC++ 17.6 (VS2022)

END.
